<?xml version="1.0" encoding="UTF-8"?>
<!-- Generated by org.testng.reporters.JUnitReportReporter -->
<testsuite skipped="0" hostname="Latitude-E5570" name="tests.temp" tests="5" failures="0" timestamp="17 May 2019 10:40:37 GMT" time="0.031" errors="0">
  <testcase name="doTasks" time="0.016" classname="tests.temp"/>
  <testcase name="newWindowMessage" time="0.000" classname="tests.temp"/>
  <testcase name="printDate" time="0.000" classname="tests.temp"/>
  <testcase name="printTextFromAutocomplete" time="0.015" classname="tests.temp"/>
  <testcase name="printRandomTextFromAutocomplete" time="0.000" classname="tests.temp"/>
</testsuite> <!-- tests.temp -->
