<?xml version="1.0" encoding="UTF-8"?>
<!-- Generated by org.testng.reporters.JUnitReportReporter -->
<testsuite skipped="0" hostname="Latitude-E5570" name="tests.SignInTest" tests="3" failures="0" timestamp="20 May 2019 01:21:43 GMT" time="5.567" errors="0">
  <testcase name="testWithoutLoginMessage" time="1.248" classname="tests.SignInTest"/>
  <testcase name="testLoginMsg" time="2.505" classname="tests.SignInTest"/>
  <testcase name="testPageTitle" time="1.814" classname="tests.SignInTest"/>
</testsuite> <!-- tests.SignInTest -->
